<?xml version="1.0" encoding="UTF-8"?>
<!-- Generated by org.testng.reporters.JUnitReportReporter -->
<testsuite skipped="0" hostname="user" name="seleniumTest.Test1" tests="1" failures="0" timestamp="18 Apr 2019 12:33:50 GMT" time="6.841" errors="0">
  <testcase name="test_002" time="6.841" classname="seleniumTest.Test1"/>
</testsuite> <!-- seleniumTest.Test1 -->
