<?xml version="1.0" encoding="UTF-8"?>
<!-- Generated by org.testng.reporters.JUnitReportReporter -->
<testsuite skipped="0" hostname="user" name="seleniumTest.Test3" tests="1" failures="0" timestamp="18 Apr 2019 12:33:50 GMT" time="4.996" errors="0">
  <testcase name="test_002" time="4.996" classname="seleniumTest.Test3"/>
</testsuite> <!-- seleniumTest.Test3 -->
