<?xml version="1.0" encoding="UTF-8"?>
<!-- Generated by org.testng.reporters.JUnitReportReporter -->
<testsuite skipped="0" hostname="user" name="seleniumTest.Test1" tests="1" failures="0" timestamp="17 Apr 2019 09:12:34 GMT" time="5.765" errors="0">
  <testcase name="test_002" time="5.765" classname="seleniumTest.Test1"/>
</testsuite> <!-- seleniumTest.Test1 -->
